[2023-03-17 16:28:23,229][flwr][INFO] - Starting Flower simulation, config: ServerConfig(num_rounds=3, round_timeout=None)
[2023-03-17 16:28:25,952][flwr][INFO] - Flower VCE: Ray initialized with resources: {'node:127.0.0.1': 1.0, 'object_store_memory': 2147483648.0, 'CPU': 8.0, 'memory': 11525978522.0}
[2023-03-17 16:28:25,952][flwr][INFO] - Initializing global parameters
[2023-03-17 16:28:25,952][flwr][INFO] - Requesting initial parameters from one random client
[2023-03-17 16:28:26,698][flwr][INFO] - Received initial parameters from one random client
[2023-03-17 16:28:26,698][flwr][INFO] - Evaluating initial parameters
[2023-03-17 16:28:34,758][flwr][INFO] - initial parameters (loss, other metrics): 0.23025902111530305, {'accuracy': 0.1019}
[2023-03-17 16:28:34,759][flwr][INFO] - FL starting
[2023-03-17 16:28:34,759][flwr][DEBUG] - fit_round 1: strategy sampled 3 clients (out of 3)
[2023-03-17 16:31:44,652][flwr][DEBUG] - fit_round 1 received 3 results and 0 failures
[2023-03-17 16:31:44,668][flwr][WARNING] - No fit_metrics_aggregation_fn provided
[2023-03-17 16:31:50,644][flwr][INFO] - fit progress: (1, 0.39452918457984926, {'accuracy': 0.134}, 195.88615254200002)
[2023-03-17 16:31:50,644][flwr][INFO] - evaluate_round 1: no clients selected, cancel
[2023-03-17 16:31:50,644][flwr][DEBUG] - fit_round 2: strategy sampled 3 clients (out of 3)
[2023-03-17 16:34:19,142][flwr][DEBUG] - fit_round 2 received 3 results and 0 failures
[2023-03-17 16:34:25,155][flwr][INFO] - fit progress: (2, 0.5749477922201157, {'accuracy': 0.2102}, 350.398593292)
[2023-03-17 16:34:25,155][flwr][INFO] - evaluate_round 2: no clients selected, cancel
[2023-03-17 16:34:25,155][flwr][DEBUG] - fit_round 3: strategy sampled 3 clients (out of 3)
[2023-03-17 16:37:09,049][flwr][DEBUG] - fit_round 3 received 3 results and 0 failures
[2023-03-17 16:37:15,039][flwr][INFO] - fit progress: (3, 0.7327712795257568, {'accuracy': 0.2109}, 520.283080583)
[2023-03-17 16:37:15,039][flwr][INFO] - evaluate_round 3: no clients selected, cancel
[2023-03-17 16:37:15,039][flwr][INFO] - FL finished in 520.283277667
[2023-03-17 16:37:15,039][flwr][INFO] - app_fit: losses_distributed []
[2023-03-17 16:37:15,039][flwr][INFO] - app_fit: metrics_distributed {}
[2023-03-17 16:37:15,039][flwr][INFO] - app_fit: losses_centralized [(0, 0.23025902111530305), (1, 0.39452918457984926), (2, 0.5749477922201157), (3, 0.7327712795257568)]
[2023-03-17 16:37:15,039][flwr][INFO] - app_fit: metrics_centralized {'accuracy': [(0, 0.1019), (1, 0.134), (2, 0.2102), (3, 0.2109)]}
